<?xml version="1.0" encoding="UTF-8"?>
<!-- Generated by org.testng.reporters.JUnitReportReporter -->
<testsuite hostname="Lappaatu" failures="0" tests="6" name="com.tutorialsninjaqa.testcases.Login2Test" time="99.318" errors="0" timestamp="2025-02-10T14:36:05 AEDT" skipped="0">
  <testcase classname="com.tutorialsninjaqa.testcases.Login2Test" name="verifyLoginwithValidCredentials" time="17.558"/>
  <testcase classname="com.tutorialsninjaqa.testcases.Login2Test" name="verifyLoginwithValidCredentials" time="14.490"/>
  <testcase classname="com.tutorialsninjaqa.testcases.Login2Test" name="verifyLoginwithValidCredentials" time="15.760"/>
  <testcase classname="com.tutorialsninjaqa.testcases.Login2Test" name="verifyLoginwithInValidCredentials" time="18.572"/>
  <testcase classname="com.tutorialsninjaqa.testcases.Login2Test" name="verifyLoginwithInValidPassword" time="16.811"/>
  <testcase classname="com.tutorialsninjaqa.testcases.Login2Test" name="verifyLoginwithEmptyCredentials" time="16.127"/>
</testsuite> <!-- com.tutorialsninjaqa.testcases.Login2Test -->
