<?xml version="1.0" encoding="UTF-8"?>
<!-- Generated by org.testng.reporters.JUnitReportReporter -->
<testsuite hostname="Lappaatu" failures="0" tests="3" name="com.tutorialsninjaqa.testcases.SearchPageTest" time="45.571" errors="0" timestamp="2025-02-10T14:36:05 AEDT" skipped="0">
  <testcase classname="com.tutorialsninjaqa.testcases.SearchPageTest" name="VerifySearchwithValidProducts" time="17.474"/>
  <testcase classname="com.tutorialsninjaqa.testcases.SearchPageTest" name="VerifySearchWithIvalidProduct" time="13.967"/>
  <testcase classname="com.tutorialsninjaqa.testcases.SearchPageTest" name="verifySearchWithoutanyProduct" time="14.130"/>
</testsuite> <!-- com.tutorialsninjaqa.testcases.SearchPageTest -->
