<?xml version="1.0" encoding="UTF-8"?>
<!-- Generated by org.testng.reporters.JUnitReportReporter -->
<testsuite hostname="Lappaatu" failures="0" tests="3" name="com.tutorialsninjaqa.testcases.RegisterTest" time="39.177" errors="0" timestamp="2025-02-10T14:36:05 AEDT" skipped="0">
  <testcase classname="com.tutorialsninjaqa.testcases.RegisterTest" name="verifyRegisteringAnAccountWithMandatoryFields" time="19.185"/>
  <testcase classname="com.tutorialsninjaqa.testcases.RegisterTest" name="verifyRegisteringAccountbyProvidingAllFields" time="9.750"/>
  <testcase classname="com.tutorialsninjaqa.testcases.RegisterTest" name="verifyRegisteringAccountWithoutfilinganydetails" time="10.242"/>
</testsuite> <!-- com.tutorialsninjaqa.testcases.RegisterTest -->
